# JRE version: OpenJDK Runtime Environment (8.0_242-b01) (build 1.8.0_242-release-1644-b01)
# Java VM: OpenJDK 64-Bit Server VM (25.242-b01 mixed mode windows-amd64 compressed oops)
Heap:
 PSYoungGen      total 236544K, used 182009K [0x00000000e0000000, 0x00000000f6e00000, 0x0000000100000000)
  eden space 221184K, 76% used [0x00000000e0000000,0x00000000ea500f10,0x00000000ed800000)
  from space 15360K, 84% used [0x00000000ed800000,0x00000000ee4bd6f0,0x00000000ee700000)
  to   space 16384K, 99% used [0x00000000f5e00000,0x00000000f6dff320,0x00000000f6e00000)
 ParOldGen       total 136704K, used 15242K [0x00000000a0000000, 0x00000000a8580000, 0x00000000e0000000)
  object space 136704K, 11% used [0x00000000a0000000,0x00000000a0ee2bb8,0x00000000a8580000)
 Metaspace       used 56845K, capacity 59104K, committed 59160K, reserved 1099776K
  class space    used 7722K, capacity 8175K, committed 8224K, reserved 1048576K
GC Heap History (10 events):
Event: 1.432 GC heap after
Heap after GC invocations=5 (full 1):
 PSYoungGen      total 141824K, used 0K [0x00000000e0000000, 0x00000000e9500000, 0x0000000100000000)
  eden space 131072K, 0% used [0x00000000e0000000,0x00000000e0000000,0x00000000e8000000)
  from space 10752K, 0% used [0x00000000e8a80000,0x00000000e8a80000,0x00000000e9500000)
  to   space 10752K, 0% used [0x00000000e8000000,0x00000000e8000000,0x00000000e8a80000)
 ParOldGen       total 92160K, used 6959K [0x00000000a0000000, 0x00000000a5a00000, 0x00000000e0000000)
  object space 92160K, 7% used [0x00000000a0000000,0x00000000a06cbcb8,0x00000000a5a00000)
 Metaspace       used 20578K, capacity 21236K, committed 21296K, reserved 1067008K
  class space    used 2873K, capacity 3080K, committed 3120K, reserved 1048576K
}
Event: 2.161 GC heap before
{Heap before GC invocations=6 (full 1):
 PSYoungGen      total 141824K, used 131072K [0x00000000e0000000, 0x00000000e9500000, 0x0000000100000000)
  eden space 131072K, 100% used [0x00000000e0000000,0x00000000e8000000,0x00000000e8000000)
  from space 10752K, 0% used [0x00000000e8a80000,0x00000000e8a80000,0x00000000e9500000)
  to   space 10752K, 0% used [0x00000000e8000000,0x00000000e8000000,0x00000000e8a80000)
 ParOldGen       total 92160K, used 6959K [0x00000000a0000000, 0x00000000a5a00000, 0x00000000e0000000)
  object space 92160K, 7% used [0x00000000a0000000,0x00000000a06cbcb8,0x00000000a5a00000)
 Metaspace       used 32952K, capacity 33914K, committed 34224K, reserved 1079296K
  class space    used 4482K, capacity 4725K, committed 4784K, reserved 1048576K
Event: 2.169 GC heap after
Heap after GC invocations=6 (full 1):
 PSYoungGen      total 141824K, used 10746K [0x00000000e0000000, 0x00000000ef700000, 0x0000000100000000)
  eden space 131072K, 0% used [0x00000000e0000000,0x00000000e0000000,0x00000000e8000000)
  from space 10752K, 99% used [0x00000000e8000000,0x00000000e8a7e9b8,0x00000000e8a80000)
  to   space 16384K, 0% used [0x00000000ee700000,0x00000000ee700000,0x00000000ef700000)
 ParOldGen       total 92160K, used 10722K [0x00000000a0000000, 0x00000000a5a00000, 0x00000000e0000000)
  object space 92160K, 11% used [0x00000000a0000000,0x00000000a0a78960,0x00000000a5a00000)
 Metaspace       used 32952K, capacity 33914K, committed 34224K, reserved 1079296K
  class space    used 4482K, capacity 4725K, committed 4784K, reserved 1048576K
}
Event: 2.279 GC heap before
{Heap before GC invocations=7 (full 1):
 PSYoungGen      total 141824K, used 42258K [0x00000000e0000000, 0x00000000ef700000, 0x0000000100000000)
  eden space 131072K, 24% used [0x00000000e0000000,0x00000000e1ec61b0,0x00000000e8000000)
  from space 10752K, 99% used [0x00000000e8000000,0x00000000e8a7e9b8,0x00000000e8a80000)
  to   space 16384K, 0% used [0x00000000ee700000,0x00000000ee700000,0x00000000ef700000)
 ParOldGen       total 92160K, used 10722K [0x00000000a0000000, 0x00000000a5a00000, 0x00000000e0000000)
  object space 92160K, 11% used [0x00000000a0000000,0x00000000a0a78960,0x00000000a5a00000)
 Metaspace       used 34301K, capacity 35402K, committed 35496K, reserved 1079296K
  class space    used 4703K, capacity 4976K, committed 5040K, reserved 1048576K
Event: 2.284 GC heap after
Heap after GC invocations=7 (full 1):
 PSYoungGen      total 237568K, used 8614K [0x00000000e0000000, 0x00000000ef780000, 0x0000000100000000)
  eden space 221184K, 0% used [0x00000000e0000000,0x00000000e0000000,0x00000000ed800000)
  from space 16384K, 52% used [0x00000000ee700000,0x00000000eef69978,0x00000000ef700000)
  to   space 15360K, 0% used [0x00000000ed800000,0x00000000ed800000,0x00000000ee700000)
 ParOldGen       total 92160K, used 10730K [0x00000000a0000000, 0x00000000a5a00000, 0x00000000e0000000)
  object space 92160K, 11% used [0x00000000a0000000,0x00000000a0a7a960,0x00000000a5a00000)
 Metaspace       used 34301K, capacity 35402K, committed 35496K, reserved 1079296K
  class space    used 4703K, capacity 4976K, committed 5040K, reserved 1048576K
}
Event: 2.284 GC heap before
{Heap before GC invocations=8 (full 2):
 PSYoungGen      total 237568K, used 8614K [0x00000000e0000000, 0x00000000ef780000, 0x0000000100000000)
  eden space 221184K, 0% used [0x00000000e0000000,0x00000000e0000000,0x00000000ed800000)
  from space 16384K, 52% used [0x00000000ee700000,0x00000000eef69978,0x00000000ef700000)
  to   space 15360K, 0% used [0x00000000ed800000,0x00000000ed800000,0x00000000ee700000)
 ParOldGen       total 92160K, used 10730K [0x00000000a0000000, 0x00000000a5a00000, 0x00000000e0000000)
  object space 92160K, 11% used [0x00000000a0000000,0x00000000a0a7a960,0x00000000a5a00000)
 Metaspace       used 34301K, capacity 35402K, committed 35496K, reserved 1079296K
  class space    used 4703K, capacity 4976K, committed 5040K, reserved 1048576K
Event: 2.312 GC heap after
Heap after GC invocations=8 (full 2):
 PSYoungGen      total 237568K, used 0K [0x00000000e0000000, 0x00000000ef780000, 0x0000000100000000)
  eden space 221184K, 0% used [0x00000000e0000000,0x00000000e0000000,0x00000000ed800000)
  from space 16384K, 0% used [0x00000000ee700000,0x00000000ee700000,0x00000000ef700000)
  to   space 15360K, 0% used [0x00000000ed800000,0x00000000ed800000,0x00000000ee700000)
 ParOldGen       total 136704K, used 15114K [0x00000000a0000000, 0x00000000a8580000, 0x00000000e0000000)
  object space 136704K, 11% used [0x00000000a0000000,0x00000000a0ec2ba8,0x00000000a8580000)
 Metaspace       used 34301K, capacity 35402K, committed 35496K, reserved 1079296K
  class space    used 4703K, capacity 4976K, committed 5040K, reserved 1048576K
}
Event: 3.149 GC heap before
{Heap before GC invocations=9 (full 2):
 PSYoungGen      total 237568K, used 221184K [0x00000000e0000000, 0x00000000ef780000, 0x0000000100000000)
  eden space 221184K, 100% used [0x00000000e0000000,0x00000000ed800000,0x00000000ed800000)
  from space 16384K, 0% used [0x00000000ee700000,0x00000000ee700000,0x00000000ef700000)
  to   space 15360K, 0% used [0x00000000ed800000,0x00000000ed800000,0x00000000ee700000)
 ParOldGen       total 136704K, used 15114K [0x00000000a0000000, 0x00000000a8580000, 0x00000000e0000000)
  object space 136704K, 11% used [0x00000000a0000000,0x00000000a0ec2ba8,0x00000000a8580000)
 Metaspace       used 43556K, capacity 45236K, committed 45480K, reserved 1089536K
  class space    used 5885K, capacity 6211K, committed 6320K, reserved 1048576K
Event: 3.156 GC heap after
Heap after GC invocations=9 (full 2):
 PSYoungGen      total 236544K, used 13045K [0x00000000e0000000, 0x00000000f6e00000, 0x0000000100000000)
  eden space 221184K, 0% used [0x00000000e0000000,0x00000000e0000000,0x00000000ed800000)
  from space 15360K, 84% used [0x00000000ed800000,0x00000000ee4bd6f0,0x00000000ee700000)
  to   space 16384K, 0% used [0x00000000f5e00000,0x00000000f5e00000,0x00000000f6e00000)
 ParOldGen       total 136704K, used 15122K [0x00000000a0000000, 0x00000000a8580000, 0x00000000e0000000)
  object space 136704K, 11% used [0x00000000a0000000,0x00000000a0ec4ba8,0x00000000a8580000)
 Metaspace       used 43556K, capacity 45236K, committed 45480K, reserved 1089536K
  class space    used 5885K, capacity 6211K, committed 6320K, reserved 1048576K
}
Event: 4.096 GC heap before
{Heap before GC invocations=10 (full 2):
 PSYoungGen      total 236544K, used 182009K [0x00000000e0000000, 0x00000000f6e00000, 0x0000000100000000)
  eden space 221184K, 76% used [0x00000000e0000000,0x00000000ea500f10,0x00000000ed800000)
  from space 15360K, 84% used [0x00000000ed800000,0x00000000ee4bd6f0,0x00000000ee700000)
  to   space 16384K, 0% used [0x00000000f5e00000,0x00000000f5e00000,0x00000000f6e00000)
 ParOldGen       total 136704K, used 15122K [0x00000000a0000000, 0x00000000a8580000, 0x00000000e0000000)
  object space 136704K, 11% used [0x00000000a0000000,0x00000000a0ec4ba8,0x00000000a8580000)
 Metaspace       used 56845K, capacity 59104K, committed 59160K, reserved 1099776K
  class space    used 7722K, capacity 8175K, committed 8224K, reserved 1048576K

